<?xml version="1.0" encoding="UTF-8"?>
<!-- Generated by org.testng.reporters.JUnitReportReporter -->
<testsuite hostname="Panadol-Extra" failures="0" tests="2" name="TestCasess.RegisterTestCase" time="13.556" errors="0" timestamp="2023-11-13T22:24:19 PKT" skipped="0">
  <testcase classname="TestCasess.RegisterTestCase" name="RegisterUSerWIthValidCref" time="13.433"/>
  <system-out/>
  <testcase classname="TestCasess.RegisterTestCase" name="LoginUSerWIthEmptyCred" time="0.123"/>
  <system-out/>
</testsuite> <!-- TestCasess.RegisterTestCase -->
