<?xml version="1.0" encoding="UTF-8"?>
<!-- Generated by org.testng.reporters.JUnitReportReporter -->
<testsuite hostname="Panadol-Extra" failures="0" tests="1" name="testCase.TEstCLass" time="0.020" errors="0" timestamp="2023-11-02T17:18:57 PKT" skipped="0">
  <testcase classname="testCase.TEstCLass" name="TEstt" time="0.020"/>
  <system-out/>
</testsuite> <!-- testCase.TEstCLass -->
