<?xml version="1.0" encoding="UTF-8"?>
<!-- Generated by org.testng.reporters.JUnitReportReporter -->
<testsuite hostname="Panadol-Extra" failures="0" tests="5" name="TestCasess.LoginTestCase2" time="5.367" errors="0" timestamp="2023-11-13T22:10:27 PKT" skipped="0">
  <testcase classname="TestCasess.LoginTestCase2" name="loginUserWithValidCred" time="5.361"/>
  <system-out/>
  <testcase classname="TestCasess.LoginTestCase2" name="loginWIthInvalidCred" time="0.001"/>
  <system-out/>
  <testcase classname="TestCasess.LoginTestCase2" name="loginWIthEmptyCred" time="0.001"/>
  <system-out/>
  <testcase classname="TestCasess.LoginTestCase2" name="loginWIthValidEMailAndInvalidPASSS" time="0.002"/>
  <system-out/>
  <testcase classname="TestCasess.LoginTestCase2" name="forgotPassTest" time="0.002"/>
  <system-out/>
</testsuite> <!-- TestCasess.LoginTestCase2 -->
