<?xml version="1.0" encoding="UTF-8"?>
<!-- Generated by org.testng.reporters.JUnitReportReporter -->
<testsuite hostname="Panadol-Extra" failures="0" tests="5" name="TestCasess.LoginTestCase" time="5.669" errors="0" timestamp="2023-11-13T21:46:52 PKT" skipped="0">
  <testcase classname="TestCasess.LoginTestCase" name="loginUserWithValidCred" time="5.657"/>
  <system-out/>
  <testcase classname="TestCasess.LoginTestCase" name="loginWIthInvalidCred" time="0.002"/>
  <system-out/>
  <testcase classname="TestCasess.LoginTestCase" name="loginWIthEmptyCred" time="0.003"/>
  <system-out/>
  <testcase classname="TestCasess.LoginTestCase" name="loginWIthValidEMailAndInvalidPASSS" time="0.004"/>
  <system-out/>
  <testcase classname="TestCasess.LoginTestCase" name="forgotPassTest" time="0.003"/>
  <system-out/>
</testsuite> <!-- TestCasess.LoginTestCase -->
